Arguments: 
  C:\Program Files\nodejs\node.exe C:\Users\SanchithaSV\AppData\Roaming\npm\node_modules\yarn\bin\yarn.js add nodemon

PATH: 
  C:\Python310\Scripts\;C:\Python310\;C:\Windows\system32;C:\Windows;C:\Windows\System32\Wbem;C:\Windows\System32\WindowsPowerShell\v1.0\;C:\Windows\System32\OpenSSH\;C:\Program Files\Git\cmd;C:\ProgramData\chocolatey\bin;C:\Program Files\nodejs\;C:\Users\SanchithaSV\AppData\Local\Microsoft\WindowsApps;;C:\Users\SanchithaSV\AppData\Local\Programs\Microsoft VS Code\bin;C:\Users\SanchithaSV\AppData\Roaming\npm

Yarn version: 
  1.22.18

Node version: 
  16.15.1

Platform: 
  win32 x64

Trace: 
  Error: EPERM: operation not permitted, unlink 'D:\node_assignment\node_modules\bcrypt\lib\binding\napi-v3\bcrypt_lib.node'

npm manifest: 
  {
    "name": "nodejs_tranining",
    "version": "1.0.0",
    "description": "hfagf",
    "main": "index.js",
    "scripts": {
      "test": "echo \"Error: no test specified\" && exit 1",
      "server": "nodemon server.js",
      "start": "node server.js"
    },
    "repository": {
      "type": "git",
      "url": "git+https://github.com/sanchitha-goavega/nodejs_tranining.git"
    },
    "keywords": [],
    "author": "",
    "license": "ISC",
    "bugs": {
      "url": "https://github.com/sanchitha-goavega/nodejs_tranining/issues"
    },
    "homepage": "https://github.com/sanchitha-goavega/nodejs_tranining#readme",
    "dependencies": {
      "bcrypt": "^5.0.1",
      "dotenv": "^16.0.0",
      "express": "^4.18.1",
      "jsonwebtoken": "^8.5.1",
      "mongoose": "^6.2.4",
      "winston": "^3.7.2",
      "yup": "^0.32.11"
    }
  }

yarn manifest: 
  No manifest

Lockfile: 
  No lockfile
